<?xml version="1.0" encoding="UTF-8"?>
<!-- Generated by org.testng.reporters.JUnitReportReporter -->
<testsuite hostname="DESKTOP-95BEDQV" failures="0" tests="1" name="AllLogicalProgramms.AllLogicalProgramms" time="0.018" errors="0" timestamp="2024-12-19T16:11:58 IST" skipped="0">
  <testcase classname="AllLogicalProgramms.AllLogicalProgramms" name="method" time="0.018"/>
</testsuite> <!-- AllLogicalProgramms.AllLogicalProgramms -->
