<?xml version="1.0" encoding="UTF-8"?>
<!-- Generated by org.testng.reporters.JUnitReportReporter -->
<testsuite hostname="Sakthi" failures="0" tests="1" name="LogicalProgramms.ScanerClass" time="5.629" errors="0" timestamp="2024-06-21T16:41:01 IST" skipped="0">
  <testcase classname="LogicalProgramms.ScanerClass" name="method" time="5.629"/>
  <system-out/>
</testsuite> <!-- LogicalProgramms.ScanerClass -->
