<?xml version="1.0" encoding="UTF-8"?>
<!-- Generated by org.testng.reporters.JUnitReportReporter -->
<testsuite hostname="DESKTOP-95BEDQV" failures="0" tests="1" name="LogicalProgramms.StringLogics" time="0.023" errors="0" timestamp="2024-10-21T13:25:45 IST" skipped="0">
  <testcase classname="LogicalProgramms.StringLogics" name="check" time="0.023"/>
  <system-out/>
</testsuite> <!-- LogicalProgramms.StringLogics -->
