<?xml version="1.0" encoding="UTF-8"?>
<!-- Generated by org.testng.reporters.JUnitReportReporter -->
<testsuite hostname="DESKTOP-95BEDQV" failures="0" tests="1" name="AllLogicalProgramms.AllLogicalProgramms" time="0.017" errors="0" timestamp="2024-12-20T15:15:54 IST" skipped="0">
  <testcase classname="AllLogicalProgramms.AllLogicalProgramms" name="swapPairsFromGivenString" time="0.017"/>
</testsuite> <!-- AllLogicalProgramms.AllLogicalProgramms -->
