<?xml version="1.0" encoding="UTF-8"?>
<!-- Generated by org.testng.reporters.JUnitReportReporter -->
<testsuite hostname="Sakthi" failures="0" tests="1" name="LogicalProgramms.ArrayLogics" time="0.015" errors="0" timestamp="2024-07-06T16:11:46 IST" skipped="0">
  <testcase classname="LogicalProgramms.ArrayLogics" name="removeDuplicatesandPrintAscendingFromGivenArray" time="0.015"/>
  <system-out/>
</testsuite> <!-- LogicalProgramms.ArrayLogics -->
