<?xml version="1.0" encoding="UTF-8"?>
<!-- Generated by org.testng.reporters.JUnitReportReporter -->
<testsuite hostname="DESKTOP-95BEDQV" failures="0" tests="1" name="AllLogicalProgramms.AllLogicalProgramms" time="0.025" errors="0" timestamp="2024-12-07T16:03:51 IST" skipped="0">
  <testcase classname="AllLogicalProgramms.AllLogicalProgramms" name="sortTheGivenArrayInDescendingOrder" time="0.025"/>
</testsuite> <!-- AllLogicalProgramms.AllLogicalProgramms -->
