<?xml version="1.0" encoding="UTF-8"?>
<!-- Generated by org.testng.reporters.JUnitReportReporter -->
<testsuite hostname="DESKTOP-95BEDQV" failures="0" tests="1" name="Practice.Logical" time="0.020" errors="0" timestamp="2024-11-04T11:49:35 IST" skipped="0">
  <testcase classname="Practice.Logical" name="countTheOccuranceOfEachCharacterFromTheString" time="0.020"/>
  <system-out/>
</testsuite> <!-- Practice.Logical -->
