<?xml version="1.0" encoding="UTF-8"?>
<!-- Generated by org.testng.reporters.JUnitReportReporter -->
<testsuite hostname="DESKTOP-95BEDQV" failures="0" tests="1" name="AllLogicalProgramms.AllLogicalProgramms" time="0.033" errors="0" timestamp="2024-12-18T18:18:13 IST" skipped="0">
  <testcase classname="AllLogicalProgramms.AllLogicalProgramms" name="reverseGivenLongStringWithSpace" time="0.033"/>
</testsuite> <!-- AllLogicalProgramms.AllLogicalProgramms -->
