<?xml version="1.0" encoding="UTF-8"?>
<!-- Generated by org.testng.reporters.JUnitReportReporter -->
<testsuite hostname="DESKTOP-95BEDQV" failures="0" tests="1" name="BackUp_LogicalProgramms.All_Logics" time="0.030" errors="0" timestamp="2024-11-11T14:50:08 IST" skipped="0">
  <testcase classname="BackUp_LogicalProgramms.All_Logics" name="reverseAlternateWordFromGivenString" time="0.030"/>
  <system-out/>
</testsuite> <!-- BackUp_LogicalProgramms.All_Logics -->
