<?xml version="1.0" encoding="UTF-8"?>
<!-- Generated by org.testng.reporters.JUnitReportReporter -->
<testsuite hostname="DESKTOP-95BEDQV" failures="0" tests="1" name="INTERVIEW_LOGICAL_PROGRAMMS.INTERVIEW_ALL_LOGICS" time="0.020" errors="0" timestamp="2024-11-11T14:44:56 IST" skipped="0">
  <testcase classname="INTERVIEW_LOGICAL_PROGRAMMS.INTERVIEW_ALL_LOGICS" name="reverseAlternateWordFromGivenString" time="0.020"/>
  <system-out/>
</testsuite> <!-- INTERVIEW_LOGICAL_PROGRAMMS.INTERVIEW_ALL_LOGICS -->
