<?xml version="1.0" encoding="UTF-8"?>
<!-- Generated by org.testng.reporters.JUnitReportReporter -->
<testsuite hostname="DESKTOP-95BEDQV" failures="0" tests="1" name="ImportantStringLogicalProgramms.ImportantStringLogicals" time="0.018" errors="0" timestamp="2024-12-24T12:30:44 IST" skipped="0">
  <testcase classname="ImportantStringLogicalProgramms.ImportantStringLogicals" name="getCharacterWithRepeatedCountAsASameString" time="0.018"/>
</testsuite> <!-- ImportantStringLogicalProgramms.ImportantStringLogicals -->
