<?xml version="1.0" encoding="UTF-8"?>
<!-- Generated by org.testng.reporters.JUnitReportReporter -->
<testsuite hostname="DESKTOP-95BEDQV" failures="0" tests="1" name="Practice.Logical" time="0.028" errors="0" timestamp="2024-12-19T15:34:51 IST" skipped="0">
  <testcase classname="Practice.Logical" name="method" time="0.028"/>
</testsuite> <!-- Practice.Logical -->
