<?xml version="1.0" encoding="UTF-8"?>
<!-- Generated by org.testng.reporters.JUnitReportReporter -->
<testsuite hostname="Sakthi" failures="0" tests="1" name="ListOfMap.ListOfMapConcept" time="0.008" errors="0" timestamp="2024-06-10T13:43:47 IST" skipped="0">
  <testcase classname="ListOfMap.ListOfMapConcept" name="method2" time="0.008"/>
  <system-out/>
</testsuite> <!-- ListOfMap.ListOfMapConcept -->
