<?xml version="1.0" encoding="UTF-8"?>
<!-- Generated by org.testng.reporters.JUnitReportReporter -->
<testsuite hostname="DESKTOP-95BEDQV" failures="0" tests="1" name="Practice.Logical" time="0.018" errors="0" timestamp="2024-12-20T16:26:08 IST" skipped="0">
  <testcase classname="Practice.Logical" name="method" time="0.018"/>
</testsuite> <!-- Practice.Logical -->
