<?xml version="1.0" encoding="UTF-8"?>
<!-- Generated by org.testng.reporters.JUnitReportReporter -->
<testsuite hostname="Sakthi" failures="0" tests="1" name="LogicalProgramms.My_Practice" time="0.022" errors="0" timestamp="2024-05-11T18:28:37 IST" skipped="0">
  <testcase classname="LogicalProgramms.My_Practice" name="method5" time="0.022"/>
  <system-out/>
</testsuite> <!-- LogicalProgramms.My_Practice -->
