<?xml version="1.0" encoding="UTF-8"?>
<!-- Generated by org.testng.reporters.JUnitReportReporter -->
<testsuite hostname="DESKTOP-95BEDQV" failures="0" tests="1" name="LogicalProgramms.All_Logics" time="0.016" errors="0" timestamp="2024-10-26T11:46:10 IST" skipped="0">
  <testcase classname="LogicalProgramms.All_Logics" name="CheckLeapYear" time="0.016"/>
  <system-out/>
</testsuite> <!-- LogicalProgramms.All_Logics -->
